<?xml version="1.0" encoding="UTF-8"?>
<testsuite xmlns:xsi="http://www.w3.org/2001/XMLSchema-instance" xsi:noNamespaceSchemaLocation="https://maven.apache.org/surefire/maven-surefire-plugin/xsd/surefire-test-report-3.0.xsd" version="3.0" name="NextDateTest" time="0.099" tests="10" errors="0" skipped="0" failures="0">
  <properties>
[...]
</properties>
  <testcase name="testNextDate_FebruaryNonLeapYear" classname="NextDateTest" time="0.051"/>
  <testcase name="testNextDate_InvalidMonth" classname="NextDateTest" time="0.001"/>
  <testcase name="testNextDate_EndOfMonth_NonLeapYear" classname="NextDateTest" time="0.002"/>
  <testcase name="testNextDate_YearBoundary" classname="NextDateTest" time="0.002"/>
  <testcase name="testNextDate_InvalidAprilEnd" classname="NextDateTest" time="0.001"/>
  <testcase name="testNextDate_NormalDay" classname="NextDateTest" time="0.001"/>
  <testcase name="testNextDate_EndOfMonth_LeapYear" classname="NextDateTest" time="0.001"/>
  <testcase name="testNextDate_MidMonth" classname="NextDateTest" time="0.001"/>
  <testcase name="testNextDate_InvalidDay" classname="NextDateTest" time="0.001"/>
  <testcase name="testNextDate_EndOfYear" classname="NextDateTest" time="0.001"/>
</testsuite>